<?xml version="1.0" encoding="UTF-8"?>
<testsuite xmlns:xsi="http://www.w3.org/2001/XMLSchema-instance" xsi:noNamespaceSchemaLocation="https://maven.apache.org/surefire/maven-surefire-plugin/xsd/surefire-test-report-3.0.xsd" version="3.0" name="org.springframework.samples.petclinic.service.ClinicServiceTests" time="2.437" tests="10" errors="0" skipped="0" failures="0">
  <properties>
[...]
</properties>
  <testcase name="shouldFindVets" classname="org.springframework.samples.petclinic.service.ClinicServiceTests" time="0.08">
    <system-out><![CDATA[2023-06-21T10:36:26.263Z  INFO 34895 --- [           main] t.c.s.AnnotationConfigContextLoaderUtils : Could not detect default configuration classes for test class [org.springframework.samples.petclinic.service.ClinicServiceTests]: ClinicServiceTests does not declare any static, non-private, non-final, nested classes annotated with @Configuration.
2023-06-21T10:36:26.330Z  INFO 34895 --- [           main] .b.t.c.SpringBootTestContextBootstrapper : Found @SpringBootConfiguration org.springframework.samples.petclinic.PetClinicApplication for test class org.springframework.samples.petclinic.service.ClinicServiceTests


              |\      _,,,--,,_
             /,`.-'`'   ._  \-;;,_
  _______ __|,4-  ) )_   .;.(__`'-'__     ___ __    _ ___ _______
 |       | '---''(_/._)-'(_\_)   |   |   |   |  |  | |   |       |
 |    _  |    ___|_     _|       |   |   |   |   |_| |   |       | __ _ _
 |   |_| |   |___  |   | |       |   |   |   |       |   |       | \ \ \ \
 |    ___|    ___| |   | |      _|   |___|   |  _    |   |      _|  \ \ \ \
 |   |   |   |___  |   | |     |_|       |   | | |   |   |     |_    ) ) ) )
 |___|   |_______| |___| |_______|_______|___|_|  |__|___|_______|  / / / /
 ==================================================================/_/_/_/

:: Built with Spring Boot :: 3.1.0


2023-06-21T10:36:26.412Z  INFO 34895 --- [           main] o.s.s.p.service.ClinicServiceTests       : Starting ClinicServiceTests using Java 17.0.7 with PID 34895 (started by root in /home/ubuntu/Tryingagain/spring-petclinic)
2023-06-21T10:36:26.412Z  INFO 34895 --- [           main] o.s.s.p.service.ClinicServiceTests       : No active profile set, falling back to 1 default profile: "default"
2023-06-21T10:36:26.564Z  INFO 34895 --- [           main] .s.d.r.c.RepositoryConfigurationDelegate : Bootstrapping Spring Data JPA repositories in DEFAULT mode.
2023-06-21T10:36:26.578Z  INFO 34895 --- [           main] .s.d.r.c.RepositoryConfigurationDelegate : Finished Spring Data repository scanning in 13 ms. Found 2 JPA repository interfaces.
2023-06-21T10:36:26.673Z  INFO 34895 --- [           main] com.zaxxer.hikari.HikariDataSource       : HikariPool-2 - Starting...
2023-06-21T10:36:27.315Z  INFO 34895 --- [           main] com.zaxxer.hikari.pool.HikariPool        : HikariPool-2 - Added connection conn0: url=jdbc:h2:mem:6336fb54-9124-45cf-8d9c-d8df3bb91be0 user=SA
2023-06-21T10:36:27.316Z  INFO 34895 --- [           main] com.zaxxer.hikari.HikariDataSource       : HikariPool-2 - Start completed.
2023-06-21T10:36:27.606Z  INFO 34895 --- [           main] o.hibernate.jpa.internal.util.LogHelper  : HHH000204: Processing PersistenceUnitInfo [name: default]
2023-06-21T10:36:27.665Z  INFO 34895 --- [           main] o.h.b.i.BytecodeProviderInitiator        : HHH000021: Bytecode provider name : bytebuddy
2023-06-21T10:36:27.665Z  INFO 34895 --- [           main] o.s.o.j.p.SpringPersistenceUnitInfo      : No LoadTimeWeaver setup: ignoring JPA class transformer
2023-06-21T10:36:27.672Z  INFO 34895 --- [           main] org.hibernate.orm.dialect                : HHH035001: Using dialect: org.hibernate.dialect.H2Dialect, version: 2.1.214
2023-06-21T10:36:27.772Z  INFO 34895 --- [           main] o.h.b.i.BytecodeProviderInitiator        : HHH000021: Bytecode provider name : bytebuddy
2023-06-21T10:36:28.148Z  INFO 34895 --- [           main] o.h.e.t.j.p.i.JtaPlatformInitiator       : HHH000490: Using JtaPlatform implementation: [org.hibernate.engine.transaction.jta.platform.internal.NoJtaPlatform]
2023-06-21T10:36:28.148Z  INFO 34895 --- [           main] j.LocalContainerEntityManagerFactoryBean : Initialized JPA EntityManagerFactory for persistence unit 'default'
2023-06-21T10:36:28.240Z  INFO 34895 --- [           main] o.s.s.p.service.ClinicServiceTests       : Started ClinicServiceTests in 1.887 seconds (process running for 39.703)
Hibernate: select v1_0.id,v1_0.first_name,v1_0.last_name from vets v1_0
Hibernate: select s1_0.vet_id,s1_1.id,s1_1.name from vet_specialties s1_0 join specialties s1_1 on s1_1.id=s1_0.specialty_id where s1_0.vet_id=?
Hibernate: select s1_0.vet_id,s1_1.id,s1_1.name from vet_specialties s1_0 join specialties s1_1 on s1_1.id=s1_0.specialty_id where s1_0.vet_id=?
Hibernate: select s1_0.vet_id,s1_1.id,s1_1.name from vet_specialties s1_0 join specialties s1_1 on s1_1.id=s1_0.specialty_id where s1_0.vet_id=?
Hibernate: select s1_0.vet_id,s1_1.id,s1_1.name from vet_specialties s1_0 join specialties s1_1 on s1_1.id=s1_0.specialty_id where s1_0.vet_id=?
Hibernate: select s1_0.vet_id,s1_1.id,s1_1.name from vet_specialties s1_0 join specialties s1_1 on s1_1.id=s1_0.specialty_id where s1_0.vet_id=?
Hibernate: select s1_0.vet_id,s1_1.id,s1_1.name from vet_specialties s1_0 join specialties s1_1 on s1_1.id=s1_0.specialty_id where s1_0.vet_id=?
]]></system-out>
  </testcase>
  <testcase name="shouldFindOwnersByLastName" classname="org.springframework.samples.petclinic.service.ClinicServiceTests" time="0.069">
    <system-out><![CDATA[Hibernate: select distinct o1_0.id,o1_0.address,o1_0.city,o1_0.first_name,o1_0.last_name,o1_0.telephone from owners o1_0 left join pets p1_0 on o1_0.id=p1_0.owner_id where o1_0.last_name like (?||'%') escape ''
Hibernate: select p1_0.owner_id,p1_0.id,p1_0.birth_date,p1_0.name,t1_0.id,t1_0.name,v1_0.pet_id,v1_0.id,v1_0.visit_date,v1_0.description from pets p1_0 left join types t1_0 on t1_0.id=p1_0.type_id left join visits v1_0 on p1_0.id=v1_0.pet_id where p1_0.owner_id=? order by v1_0.visit_date,p1_0.name
Hibernate: select p1_0.owner_id,p1_0.id,p1_0.birth_date,p1_0.name,t1_0.id,t1_0.name,v1_0.pet_id,v1_0.id,v1_0.visit_date,v1_0.description from pets p1_0 left join types t1_0 on t1_0.id=p1_0.type_id left join visits v1_0 on p1_0.id=v1_0.pet_id where p1_0.owner_id=? order by v1_0.visit_date,p1_0.name
Hibernate: select distinct o1_0.id,o1_0.address,o1_0.city,o1_0.first_name,o1_0.last_name,o1_0.telephone from owners o1_0 left join pets p1_0 on o1_0.id=p1_0.owner_id where o1_0.last_name like (?||'%') escape ''
]]></system-out>
  </testcase>
  <testcase name="shouldAddNewVisitForPet" classname="org.springframework.samples.petclinic.service.ClinicServiceTests" time="0.08">
    <system-out><![CDATA[Hibernate: select o1_0.id,o1_0.address,o1_0.city,o1_0.first_name,o1_0.last_name,p1_0.owner_id,p1_0.id,p1_0.birth_date,p1_0.name,p1_0.type_id,o1_0.telephone from owners o1_0 left join pets p1_0 on o1_0.id=p1_0.owner_id where o1_0.id=? order by p1_0.name
Hibernate: select p1_0.id,p1_0.name from types p1_0 where p1_0.id=?
Hibernate: select v1_0.pet_id,v1_0.id,v1_0.visit_date,v1_0.description from visits v1_0 where v1_0.pet_id=? order by v1_0.visit_date
Hibernate: select v1_0.pet_id,v1_0.id,v1_0.visit_date,v1_0.description from visits v1_0 where v1_0.pet_id=? order by v1_0.visit_date
Hibernate: insert into visits (visit_date,description,id) values (?,?,default)
Hibernate: select o1_0.id,o1_0.address,o1_0.city,o1_0.first_name,o1_0.last_name,p1_0.owner_id,p1_0.id,p1_0.birth_date,p1_0.name,p1_0.type_id,o1_0.telephone from owners o1_0 left join pets p1_0 on o1_0.id=p1_0.owner_id where o1_0.id=? order by p1_0.name
]]></system-out>
  </testcase>
  <testcase name="shouldUpdateOwner" classname="org.springframework.samples.petclinic.service.ClinicServiceTests" time="0.041">
    <system-out><![CDATA[Hibernate: select o1_0.id,o1_0.address,o1_0.city,o1_0.first_name,o1_0.last_name,p1_0.owner_id,p1_0.id,p1_0.birth_date,p1_0.name,p1_0.type_id,o1_0.telephone from owners o1_0 left join pets p1_0 on o1_0.id=p1_0.owner_id where o1_0.id=? order by p1_0.name
Hibernate: select p1_0.id,p1_0.name from types p1_0 where p1_0.id=?
Hibernate: select v1_0.pet_id,v1_0.id,v1_0.visit_date,v1_0.description from visits v1_0 where v1_0.pet_id=? order by v1_0.visit_date
Hibernate: update owners set address=?,city=?,first_name=?,last_name=?,telephone=? where id=?
Hibernate: select o1_0.id,o1_0.address,o1_0.city,o1_0.first_name,o1_0.last_name,p1_0.owner_id,p1_0.id,p1_0.birth_date,p1_0.name,p1_0.type_id,o1_0.telephone from owners o1_0 left join pets p1_0 on o1_0.id=p1_0.owner_id where o1_0.id=? order by p1_0.name
]]></system-out>
  </testcase>
  <testcase name="shouldFindVisitsByPetId" classname="org.springframework.samples.petclinic.service.ClinicServiceTests" time="0.023">
    <system-out><![CDATA[Hibernate: select o1_0.id,o1_0.address,o1_0.city,o1_0.first_name,o1_0.last_name,p1_0.owner_id,p1_0.id,p1_0.birth_date,p1_0.name,p1_0.type_id,o1_0.telephone from owners o1_0 left join pets p1_0 on o1_0.id=p1_0.owner_id where o1_0.id=? order by p1_0.name
Hibernate: select p1_0.id,p1_0.name from types p1_0 where p1_0.id=?
Hibernate: select v1_0.pet_id,v1_0.id,v1_0.visit_date,v1_0.description from visits v1_0 where v1_0.pet_id=? order by v1_0.visit_date
Hibernate: select v1_0.pet_id,v1_0.id,v1_0.visit_date,v1_0.description from visits v1_0 where v1_0.pet_id=? order by v1_0.visit_date
]]></system-out>
  </testcase>
  <testcase name="shouldInsertPetIntoDatabaseAndGenerateId" classname="org.springframework.samples.petclinic.service.ClinicServiceTests" time="0.042">
    <system-out><![CDATA[Hibernate: select o1_0.id,o1_0.address,o1_0.city,o1_0.first_name,o1_0.last_name,p1_0.owner_id,p1_0.id,p1_0.birth_date,p1_0.name,p1_0.type_id,o1_0.telephone from owners o1_0 left join pets p1_0 on o1_0.id=p1_0.owner_id where o1_0.id=? order by p1_0.name
Hibernate: select p1_0.id,p1_0.name from types p1_0 where p1_0.id=?
Hibernate: select v1_0.pet_id,v1_0.id,v1_0.visit_date,v1_0.description from visits v1_0 where v1_0.pet_id=? order by v1_0.visit_date
Hibernate: select v1_0.pet_id,v1_0.id,v1_0.visit_date,v1_0.description from visits v1_0 where v1_0.pet_id=? order by v1_0.visit_date
Hibernate: select p1_0.id,p1_0.name from types p1_0 order by p1_0.name
Hibernate: insert into pets (birth_date,name,type_id,id) values (?,?,?,default)
Hibernate: update pets set owner_id=? where id=?
Hibernate: select o1_0.id,o1_0.address,o1_0.city,o1_0.first_name,o1_0.last_name,p1_0.owner_id,p1_0.id,p1_0.birth_date,p1_0.name,p1_0.type_id,o1_0.telephone from owners o1_0 left join pets p1_0 on o1_0.id=p1_0.owner_id where o1_0.id=? order by p1_0.name
]]></system-out>
  </testcase>
  <testcase name="shouldInsertOwner" classname="org.springframework.samples.petclinic.service.ClinicServiceTests" time="0.019">
    <system-out><![CDATA[Hibernate: select distinct o1_0.id,o1_0.address,o1_0.city,o1_0.first_name,o1_0.last_name,o1_0.telephone from owners o1_0 left join pets p1_0 on o1_0.id=p1_0.owner_id where o1_0.last_name like (?||'%') escape ''
Hibernate: insert into owners (address,city,first_name,last_name,telephone,id) values (?,?,?,?,?,default)
Hibernate: select distinct o1_0.id,o1_0.address,o1_0.city,o1_0.first_name,o1_0.last_name,o1_0.telephone from owners o1_0 left join pets p1_0 on o1_0.id=p1_0.owner_id where o1_0.last_name like (?||'%') escape ''
]]></system-out>
  </testcase>
  <testcase name="shouldFindSingleOwnerWithPet" classname="org.springframework.samples.petclinic.service.ClinicServiceTests" time="0.016">
    <system-out><![CDATA[Hibernate: select o1_0.id,o1_0.address,o1_0.city,o1_0.first_name,o1_0.last_name,p1_0.owner_id,p1_0.id,p1_0.birth_date,p1_0.name,p1_0.type_id,o1_0.telephone from owners o1_0 left join pets p1_0 on o1_0.id=p1_0.owner_id where o1_0.id=? order by p1_0.name
Hibernate: select p1_0.id,p1_0.name from types p1_0 where p1_0.id=?
Hibernate: select v1_0.pet_id,v1_0.id,v1_0.visit_date,v1_0.description from visits v1_0 where v1_0.pet_id=? order by v1_0.visit_date
]]></system-out>
  </testcase>
  <testcase name="shouldUpdatePetName" classname="org.springframework.samples.petclinic.service.ClinicServiceTests" time="0.035">
    <system-out><![CDATA[Hibernate: select o1_0.id,o1_0.address,o1_0.city,o1_0.first_name,o1_0.last_name,p1_0.owner_id,p1_0.id,p1_0.birth_date,p1_0.name,p1_0.type_id,o1_0.telephone from owners o1_0 left join pets p1_0 on o1_0.id=p1_0.owner_id where o1_0.id=? order by p1_0.name
Hibernate: select p1_0.id,p1_0.name from types p1_0 where p1_0.id=?
Hibernate: select v1_0.pet_id,v1_0.id,v1_0.visit_date,v1_0.description from visits v1_0 where v1_0.pet_id=? order by v1_0.visit_date
Hibernate: select v1_0.pet_id,v1_0.id,v1_0.visit_date,v1_0.description from visits v1_0 where v1_0.pet_id=? order by v1_0.visit_date
Hibernate: update pets set birth_date=?,name=?,type_id=? where id=?
Hibernate: select o1_0.id,o1_0.address,o1_0.city,o1_0.first_name,o1_0.last_name,p1_0.owner_id,p1_0.id,p1_0.birth_date,p1_0.name,p1_0.type_id,o1_0.telephone from owners o1_0 left join pets p1_0 on o1_0.id=p1_0.owner_id where o1_0.id=? order by p1_0.name
]]></system-out>
  </testcase>
  <testcase name="shouldFindAllPetTypes" classname="org.springframework.samples.petclinic.service.ClinicServiceTests" time="0.013">
    <system-out><![CDATA[Hibernate: select p1_0.id,p1_0.name from types p1_0 order by p1_0.name
]]></system-out>
  </testcase>
</testsuite>